2021-06-07 15:14:24,037 INFO o.a.j.u.JMeterUtils: Setting Locale to en_EN
2021-06-07 15:14:24,124 INFO o.a.j.JMeter: Loading user properties from: /opt/apache-jmeter-5.2/bin/user.properties
2021-06-07 15:14:24,127 INFO o.a.j.JMeter: Loading system properties from: /opt/apache-jmeter-5.2/bin/system.properties
2021-06-07 15:14:24,129 INFO o.a.j.JMeter: Setting JMeter property: csv_staticParams=/mnt/jmeter/static_parameters.txt
2021-06-07 15:14:24,130 INFO o.a.j.JMeter: Setting JMeter property: my_csv=/mnt/jmeter/searchbody_parameters.txt
2021-06-07 15:14:24,131 INFO o.a.j.JMeter: Setting JMeter property: Threads=1
2021-06-07 15:14:24,135 INFO o.a.j.JMeter: Copyright (c) 1998-2019 The Apache Software Foundation
2021-06-07 15:14:24,136 INFO o.a.j.JMeter: Version 5.2
2021-06-07 15:14:24,137 INFO o.a.j.JMeter: java.version=1.8.0_212
2021-06-07 15:14:24,138 INFO o.a.j.JMeter: java.vm.name=OpenJDK 64-Bit Server VM
2021-06-07 15:14:24,139 INFO o.a.j.JMeter: os.name=Linux
2021-06-07 15:14:24,140 INFO o.a.j.JMeter: os.arch=amd64
2021-06-07 15:14:24,140 INFO o.a.j.JMeter: os.version=5.4.72-microsoft-standard-WSL2
2021-06-07 15:14:24,141 INFO o.a.j.JMeter: file.encoding=UTF-8
2021-06-07 15:14:24,142 INFO o.a.j.JMeter: java.awt.headless=true
2021-06-07 15:14:24,142 INFO o.a.j.JMeter: Max memory     =3145728000
2021-06-07 15:14:24,143 INFO o.a.j.JMeter: Available Processors =12
2021-06-07 15:14:24,167 INFO o.a.j.JMeter: Default Locale=English (EN)
2021-06-07 15:14:24,169 INFO o.a.j.JMeter: JMeter  Locale=English (EN)
2021-06-07 15:14:24,170 INFO o.a.j.JMeter: JMeterHome=/opt/apache-jmeter-5.2
2021-06-07 15:14:24,171 INFO o.a.j.JMeter: user.dir  =/opt/apache-jmeter-5.2
2021-06-07 15:14:24,172 INFO o.a.j.JMeter: PWD       =/opt/apache-jmeter-5.2
2021-06-07 15:14:24,173 INFO o.a.j.JMeter: IP: 172.18.0.11 Name: bd083118be7c FullName: bd083118be7c
2021-06-07 15:14:24,207 INFO o.a.j.s.FileServer: Default base='/opt/apache-jmeter-5.2'
2021-06-07 15:14:24,240 INFO o.a.j.s.FileServer: Set new base='/mnt/jmeter'
2021-06-07 15:14:24,797 INFO o.a.j.s.SaveService: Testplan (JMX) version: 2.2. Testlog (JTL) version: 2.2
2021-06-07 15:14:24,832 INFO o.a.j.s.SaveService: Using SaveService properties file encoding UTF-8
2021-06-07 15:14:24,857 INFO o.a.j.s.SaveService: Using SaveService properties version 5.0
2021-06-07 15:14:24,881 INFO o.a.j.s.SaveService: Loading file: /mnt/jmeter/SOLR_SEARCH.jmx
2021-06-07 15:14:25,080 INFO o.a.j.p.h.c.CookieManager: Settings: Delete null: true Check: true Allow variable: true Save: false Prefix: COOKIE_
2021-06-07 15:14:25,090 INFO o.a.j.p.h.c.CacheManager: Will only cache the following methods: [GET]
2021-06-07 15:14:25,247 INFO o.a.j.p.h.s.HTTPSamplerBase: Parser for text/html is org.apache.jmeter.protocol.http.parser.LagartoBasedHtmlParser
2021-06-07 15:14:25,248 INFO o.a.j.p.h.s.HTTPSamplerBase: Parser for application/xhtml+xml is org.apache.jmeter.protocol.http.parser.LagartoBasedHtmlParser
2021-06-07 15:14:25,249 INFO o.a.j.p.h.s.HTTPSamplerBase: Parser for application/xml is org.apache.jmeter.protocol.http.parser.LagartoBasedHtmlParser
2021-06-07 15:14:25,250 INFO o.a.j.p.h.s.HTTPSamplerBase: Parser for text/xml is org.apache.jmeter.protocol.http.parser.LagartoBasedHtmlParser
2021-06-07 15:14:25,251 INFO o.a.j.p.h.s.HTTPSamplerBase: Parser for text/vnd.wap.wml is org.apache.jmeter.protocol.http.parser.RegexpHTMLParser
2021-06-07 15:14:25,252 INFO o.a.j.p.h.s.HTTPSamplerBase: Parser for text/css is org.apache.jmeter.protocol.http.parser.CssParser
2021-06-07 15:14:26,852 INFO o.a.j.s.SampleResult: Note: Sample TimeStamps are START times
2021-06-07 15:14:26,853 INFO o.a.j.s.SampleResult: sampleresult.default.encoding is set to ISO-8859-1
2021-06-07 15:14:26,854 INFO o.a.j.s.SampleResult: sampleresult.useNanoTime=true
2021-06-07 15:14:26,855 INFO o.a.j.s.SampleResult: sampleresult.nanoThreadSleep=5000
2021-06-07 15:14:26,947 INFO o.a.j.JMeter: Creating summariser <summary>
2021-06-07 15:14:26,970 INFO o.a.j.e.StandardJMeterEngine: Running the test!
2021-06-07 15:14:26,975 INFO o.a.j.s.SampleEvent: List of sample_variables: []
2021-06-07 15:14:26,977 INFO o.a.j.s.SampleEvent: List of sample_variables: []
2021-06-07 15:14:27,003 INFO o.a.j.e.u.CompoundVariable: Note: Function class names must contain the string: '.functions.'
2021-06-07 15:14:27,004 INFO o.a.j.e.u.CompoundVariable: Note: Function class names must not contain the string: '.gui.'
2021-06-07 15:14:27,018 WARN o.a.j.r.ClassFinder: Can not open the jar /opt/apache-jmeter-5.2/lib/ext/jmeter-plugins-dummy-0.2.jar, message: error in opening zip file
java.util.zip.ZipException: error in opening zip file
	at java.util.zip.ZipFile.open(Native Method) ~[?:1.8.0_212]
	at java.util.zip.ZipFile.<init>(ZipFile.java:225) ~[?:1.8.0_212]
	at java.util.zip.ZipFile.<init>(ZipFile.java:155) ~[?:1.8.0_212]
	at java.util.zip.ZipFile.<init>(ZipFile.java:169) ~[?:1.8.0_212]
	at org.apache.jorphan.reflect.ClassFinder.findClassesInOnePath(ClassFinder.java:393) [jorphan.jar:5.2]
	at org.apache.jorphan.reflect.ClassFinder.findClasses(ClassFinder.java:329) [jorphan.jar:5.2]
	at org.apache.jorphan.reflect.ClassFinder.findClassesThatExtend(ClassFinder.java:302) [jorphan.jar:5.2]
	at org.apache.jorphan.reflect.ClassFinder.findClassesThatExtend(ClassFinder.java:234) [jorphan.jar:5.2]
	at org.apache.jmeter.engine.util.CompoundVariable.<clinit>(CompoundVariable.java:72) [ApacheJMeter_core.jar:5.2]
	at org.apache.jmeter.engine.util.ValueReplacer.<init>(ValueReplacer.java:44) [ApacheJMeter_core.jar:5.2]
	at org.apache.jmeter.engine.PreCompiler.<init>(PreCompiler.java:55) [ApacheJMeter_core.jar:5.2]
	at org.apache.jmeter.engine.StandardJMeterEngine.run(StandardJMeterEngine.java:361) [ApacheJMeter_core.jar:5.2]
	at java.lang.Thread.run(Thread.java:748) [?:1.8.0_212]
2021-06-07 15:14:27,067 WARN o.a.j.r.ClassFinder: Can not open the jar /opt/apache-jmeter-5.2/lib/ext/jmeter-plugins-cmn-jmeter-0.5.jar, message: error in opening zip file
java.util.zip.ZipException: error in opening zip file
	at java.util.zip.ZipFile.open(Native Method) ~[?:1.8.0_212]
	at java.util.zip.ZipFile.<init>(ZipFile.java:225) ~[?:1.8.0_212]
	at java.util.zip.ZipFile.<init>(ZipFile.java:155) ~[?:1.8.0_212]
	at java.util.zip.ZipFile.<init>(ZipFile.java:169) ~[?:1.8.0_212]
	at org.apache.jorphan.reflect.ClassFinder.findClassesInOnePath(ClassFinder.java:393) [jorphan.jar:5.2]
	at org.apache.jorphan.reflect.ClassFinder.findClasses(ClassFinder.java:329) [jorphan.jar:5.2]
	at org.apache.jorphan.reflect.ClassFinder.findClassesThatExtend(ClassFinder.java:302) [jorphan.jar:5.2]
	at org.apache.jorphan.reflect.ClassFinder.findClassesThatExtend(ClassFinder.java:234) [jorphan.jar:5.2]
	at org.apache.jmeter.engine.util.CompoundVariable.<clinit>(CompoundVariable.java:72) [ApacheJMeter_core.jar:5.2]
	at org.apache.jmeter.engine.util.ValueReplacer.<init>(ValueReplacer.java:44) [ApacheJMeter_core.jar:5.2]
	at org.apache.jmeter.engine.PreCompiler.<init>(PreCompiler.java:55) [ApacheJMeter_core.jar:5.2]
	at org.apache.jmeter.engine.StandardJMeterEngine.run(StandardJMeterEngine.java:361) [ApacheJMeter_core.jar:5.2]
	at java.lang.Thread.run(Thread.java:748) [?:1.8.0_212]
2021-06-07 15:14:28,061 INFO o.a.j.JMeter: Running test (1623071668060)
2021-06-07 15:14:28,064 INFO o.a.j.e.StandardJMeterEngine: Starting setUp thread groups
2021-06-07 15:14:28,065 INFO o.a.j.e.StandardJMeterEngine: Starting setUp ThreadGroup: 1 : INITILIZATION  - Login_Plus_GetTOPfilters (setUp Thread Group) 
2021-06-07 15:14:28,066 INFO o.a.j.e.StandardJMeterEngine: Starting 1 threads for group INITILIZATION  - Login_Plus_GetTOPfilters (setUp Thread Group).
2021-06-07 15:14:28,067 INFO o.a.j.e.StandardJMeterEngine: Thread will continue on error
2021-06-07 15:14:28,068 INFO o.a.j.t.ThreadGroup: Starting thread group... number=1 threads=1 ramp-up=10 delayedStart=false
2021-06-07 15:14:28,078 INFO o.a.j.t.ThreadGroup: Started thread group number 1
2021-06-07 15:14:28,079 INFO o.a.j.e.StandardJMeterEngine: Waiting for all setup thread groups to exit
2021-06-07 15:14:28,109 INFO o.a.j.t.JMeterThread: Thread started: INITILIZATION  - Login_Plus_GetTOPfilters (setUp Thread Group) 1-1
2021-06-07 15:14:28,114 INFO o.a.j.s.FileServer: Stored: /mnt/jmeter/searchbody_parameters.txt Alias: /mnt/jmeter/searchbody_parameters.txt@2087239005
2021-06-07 15:14:28,131 INFO o.a.j.s.FileServer: Stored: /mnt/jmeter/static_parameters.txt
2021-06-07 15:14:29,010 INFO o.a.j.m.J.setTotalIDUs (JSR223 Sampler): ================New BASE_URL_1 value is 10.10.193.88
2021-06-07 15:14:29,040 INFO o.a.j.p.j.s.J.SetThreadBaseURL: ================INITILIZATION: Total IDUs=1
2021-06-07 15:14:29,052 INFO o.a.j.p.j.s.J.SetThreadBaseURL: ================INITILIZATION: THREAD_ID=1; BASE_URL_1=10.10.193.88
2021-06-07 15:14:29,074 INFO o.a.j.p.j.s.J.SetFileNotExist (JSR223 Sampler): =========THREAD_ID=1 - isFileExists value is false
2021-06-07 15:14:29,131 INFO o.a.j.p.j.s.J.DateRangeRetentionFiltering (JSR223 Sampler): =========THREAD_ID=1 - minDate param value is "2021-05-07T00:00:00+02:00"
2021-06-07 15:14:29,141 INFO o.a.j.p.j.s.J.DateRangeRetentionFiltering (JSR223 Sampler): =========THREAD_ID=1 - maxDate value is "2021-06-07T15:14:29+02:00"
2021-06-07 15:14:29,190 INFO o.a.j.p.h.s.HTTPHCAbstractImpl: Local host = bd083118be7c
2021-06-07 15:14:29,201 INFO o.a.j.p.h.s.HTTPHC4Impl: HTTP request retry count = 0
2021-06-07 15:14:29,364 INFO o.a.j.p.h.s.h.LazyLayeredConnectionSocketFactory: Setting up HTTPS TrustAll Socket Factory
2021-06-07 15:14:29,376 INFO o.a.j.u.JsseSSLManager: Using default SSL protocol: TLS
2021-06-07 15:14:29,378 INFO o.a.j.u.JsseSSLManager: SSL session context: per-thread
2021-06-07 15:14:31,433 INFO o.a.j.e.J.JSR223 PostProcessor: =========THREAD_ID=1 - OPLogin: first request failed, reasons can be incorrect value in PROTOCOL param or Cloud Auth is required and not OP
2021-06-07 15:14:35,578 INFO o.a.j.e.J.JSR223 PostProcessor: =========THREAD_ID=1 - setUp Thread Group: OP Authentication failed, initilaize Cloud OKTA authentication
2021-06-07 15:14:35,581 INFO o.a.j.e.J.JSR223 PostProcessor: =========THREAD_ID=1 - setUp Thread Group:requestType value = 
2021-06-07 15:14:41,983 ERROR o.a.j.p.j.s.JSR223Sampler: Problem in JSR223 script SeleniumLogin_CloudOKTA (JSR223 Sampler), message: javax.script.ScriptException: org.codehaus.groovy.control.MultipleCompilationErrorsException: startup failed:
Script8.groovy: 3: unable to resolve class org.openqa.selenium.WebDriver
 @ line 3, column 1.
   import org.openqa.selenium.WebDriver;
   ^

Script8.groovy: 8: unable to resolve class org.openqa.selenium.remote.CapabilityType
 @ line 8, column 1.
   import org.openqa.selenium.remote.CapabilityType;
   ^

Script8.groovy: 9: unable to resolve class org.openqa.selenium.remote.DesiredCapabilities
 @ line 9, column 1.
   import org.openqa.selenium.remote.DesiredCapabilities;
   ^

Script8.groovy: 11: unable to resolve class org.openqa.selenium.logging.LogType
 @ line 11, column 1.
   import org.openqa.selenium.logging.LogType;
   ^

Script8.groovy: 10: unable to resolve class org.openqa.selenium.logging.LoggingPreferences
 @ line 10, column 1.
   import org.openqa.selenium.logging.LoggingPreferences;
   ^

Script8.groovy: 5: unable to resolve class org.openqa.selenium.WebElement
 @ line 5, column 1.
   import org.openqa.selenium.WebElement;
   ^

Script8.groovy: 4: unable to resolve class org.openqa.selenium.By
 @ line 4, column 1.
   import org.openqa.selenium.By;
   ^

Script8.groovy: 15: unable to resolve class org.openqa.selenium.support.ui.WebDriverWait
 @ line 15, column 1.
   import org.openqa.selenium.support.ui.WebDriverWait;
   ^

Script8.groovy: 7: unable to resolve class org.openqa.selenium.chrome.ChromeOptions
 @ line 7, column 1.
   import org.openqa.selenium.chrome.ChromeOptions;
   ^

Script8.groovy: 6: unable to resolve class org.openqa.selenium.chrome.ChromeDriver
 @ line 6, column 1.
   import org.openqa.selenium.chrome.ChromeDriver;
   ^

Script8.groovy: 14: unable to resolve class org.openqa.selenium.logging.LogEntry
 @ line 14, column 1.
   import org.openqa.selenium.logging.LogEntry;
   ^

11 errors

javax.script.ScriptException: org.codehaus.groovy.control.MultipleCompilationErrorsException: startup failed:
Script8.groovy: 3: unable to resolve class org.openqa.selenium.WebDriver
 @ line 3, column 1.
   import org.openqa.selenium.WebDriver;
   ^

Script8.groovy: 8: unable to resolve class org.openqa.selenium.remote.CapabilityType
 @ line 8, column 1.
   import org.openqa.selenium.remote.CapabilityType;
   ^

Script8.groovy: 9: unable to resolve class org.openqa.selenium.remote.DesiredCapabilities
 @ line 9, column 1.
   import org.openqa.selenium.remote.DesiredCapabilities;
   ^

Script8.groovy: 11: unable to resolve class org.openqa.selenium.logging.LogType
 @ line 11, column 1.
   import org.openqa.selenium.logging.LogType;
   ^

Script8.groovy: 10: unable to resolve class org.openqa.selenium.logging.LoggingPreferences
 @ line 10, column 1.
   import org.openqa.selenium.logging.LoggingPreferences;
   ^

Script8.groovy: 5: unable to resolve class org.openqa.selenium.WebElement
 @ line 5, column 1.
   import org.openqa.selenium.WebElement;
   ^

Script8.groovy: 4: unable to resolve class org.openqa.selenium.By
 @ line 4, column 1.
   import org.openqa.selenium.By;
   ^

Script8.groovy: 15: unable to resolve class org.openqa.selenium.support.ui.WebDriverWait
 @ line 15, column 1.
   import org.openqa.selenium.support.ui.WebDriverWait;
   ^

Script8.groovy: 7: unable to resolve class org.openqa.selenium.chrome.ChromeOptions
 @ line 7, column 1.
   import org.openqa.selenium.chrome.ChromeOptions;
   ^

Script8.groovy: 6: unable to resolve class org.openqa.selenium.chrome.ChromeDriver
 @ line 6, column 1.
   import org.openqa.selenium.chrome.ChromeDriver;
   ^

Script8.groovy: 14: unable to resolve class org.openqa.selenium.logging.LogEntry
 @ line 14, column 1.
   import org.openqa.selenium.logging.LogEntry;
   ^

11 errors

	at org.codehaus.groovy.jsr223.GroovyScriptEngineImpl.compile(GroovyScriptEngineImpl.java:187) ~[groovy-all-2.4.16.jar:2.4.16]
	at org.apache.jmeter.util.JSR223TestElement.processFileOrScript(JSR223TestElement.java:217) ~[ApacheJMeter_core.jar:5.2]
	at org.apache.jmeter.protocol.java.sampler.JSR223Sampler.sample(JSR223Sampler.java:71) [ApacheJMeter_java.jar:5.2]
	at org.apache.jmeter.threads.JMeterThread.doSampling(JMeterThread.java:627) [ApacheJMeter_core.jar:5.2]
	at org.apache.jmeter.threads.JMeterThread.executeSamplePackage(JMeterThread.java:551) [ApacheJMeter_core.jar:5.2]
	at org.apache.jmeter.threads.JMeterThread.processSampler(JMeterThread.java:490) [ApacheJMeter_core.jar:5.2]
	at org.apache.jmeter.threads.JMeterThread.run(JMeterThread.java:257) [ApacheJMeter_core.jar:5.2]
	at java.lang.Thread.run(Thread.java:748) [?:1.8.0_212]
Caused by: org.codehaus.groovy.control.MultipleCompilationErrorsException: startup failed:
Script8.groovy: 3: unable to resolve class org.openqa.selenium.WebDriver
 @ line 3, column 1.
   import org.openqa.selenium.WebDriver;
   ^

Script8.groovy: 8: unable to resolve class org.openqa.selenium.remote.CapabilityType
 @ line 8, column 1.
   import org.openqa.selenium.remote.CapabilityType;
   ^

Script8.groovy: 9: unable to resolve class org.openqa.selenium.remote.DesiredCapabilities
 @ line 9, column 1.
   import org.openqa.selenium.remote.DesiredCapabilities;
   ^

Script8.groovy: 11: unable to resolve class org.openqa.selenium.logging.LogType
 @ line 11, column 1.
   import org.openqa.selenium.logging.LogType;
   ^

Script8.groovy: 10: unable to resolve class org.openqa.selenium.logging.LoggingPreferences
 @ line 10, column 1.
   import org.openqa.selenium.logging.LoggingPreferences;
   ^

Script8.groovy: 5: unable to resolve class org.openqa.selenium.WebElement
 @ line 5, column 1.
   import org.openqa.selenium.WebElement;
   ^

Script8.groovy: 4: unable to resolve class org.openqa.selenium.By
 @ line 4, column 1.
   import org.openqa.selenium.By;
   ^

Script8.groovy: 15: unable to resolve class org.openqa.selenium.support.ui.WebDriverWait
 @ line 15, column 1.
   import org.openqa.selenium.support.ui.WebDriverWait;
   ^

Script8.groovy: 7: unable to resolve class org.openqa.selenium.chrome.ChromeOptions
 @ line 7, column 1.
   import org.openqa.selenium.chrome.ChromeOptions;
   ^

Script8.groovy: 6: unable to resolve class org.openqa.selenium.chrome.ChromeDriver
 @ line 6, column 1.
   import org.openqa.selenium.chrome.ChromeDriver;
   ^

Script8.groovy: 14: unable to resolve class org.openqa.selenium.logging.LogEntry
 @ line 14, column 1.
   import org.openqa.selenium.logging.LogEntry;
   ^

11 errors

	at org.codehaus.groovy.control.ErrorCollector.failIfErrors(ErrorCollector.java:309) ~[groovy-all-2.4.16.jar:2.4.16]
	at org.codehaus.groovy.control.CompilationUnit.applyToSourceUnits(CompilationUnit.java:981) ~[groovy-all-2.4.16.jar:2.4.16]
	at org.codehaus.groovy.control.CompilationUnit.doPhaseOperation(CompilationUnit.java:626) ~[groovy-all-2.4.16.jar:2.4.16]
	at org.codehaus.groovy.control.CompilationUnit.compile(CompilationUnit.java:575) ~[groovy-all-2.4.16.jar:2.4.16]
	at groovy.lang.GroovyClassLoader.doParseClass(GroovyClassLoader.java:323) ~[groovy-all-2.4.16.jar:2.4.16]
	at groovy.lang.GroovyClassLoader.parseClass(GroovyClassLoader.java:293) ~[groovy-all-2.4.16.jar:2.4.16]
	at groovy.lang.GroovyClassLoader.parseClass(GroovyClassLoader.java:279) ~[groovy-all-2.4.16.jar:2.4.16]
	at groovy.lang.GroovyClassLoader.parseClass(GroovyClassLoader.java:236) ~[groovy-all-2.4.16.jar:2.4.16]
	at org.codehaus.groovy.jsr223.GroovyScriptEngineImpl.getScriptClass(GroovyScriptEngineImpl.java:335) ~[groovy-all-2.4.16.jar:2.4.16]
	at org.codehaus.groovy.jsr223.GroovyScriptEngineImpl.compile(GroovyScriptEngineImpl.java:185) ~[groovy-all-2.4.16.jar:2.4.16]
	... 7 more
2021-06-07 15:14:41,986 INFO o.a.j.t.JMeterThread: Stop Test Now detected by thread: INITILIZATION  - Login_Plus_GetTOPfilters (setUp Thread Group) 1-1
2021-06-07 15:14:41,989 INFO o.a.j.t.JMeterThread: Thread finished: INITILIZATION  - Login_Plus_GetTOPfilters (setUp Thread Group) 1-1
2021-06-07 15:14:41,991 INFO o.a.j.e.StandardJMeterEngine: All Setup Threads have ended
2021-06-07 15:14:42,371 INFO o.a.j.e.StandardJMeterEngine: No enabled thread groups found
2021-06-07 15:14:42,373 INFO o.a.j.e.StandardJMeterEngine: Starting tearDown thread groups
2021-06-07 15:14:42,374 INFO o.a.j.e.StandardJMeterEngine: Notifying test listeners of end of test
2021-06-07 15:14:42,375 INFO o.a.j.s.FileServer: Close: /mnt/jmeter/searchbody_parameters.txt@2087239005
2021-06-07 15:14:42,377 INFO o.a.j.s.FileServer: Close: /mnt/jmeter/static_parameters.txt
2021-06-07 15:14:42,385 INFO o.a.j.r.Summariser: summary =      4 in 00:00:14 =    0.3/s Avg:   113 Min:    18 Max:   330 Err:     1 (25.00%)
